<?xml version="1.0" encoding="utf-8"?><testsuites><testsuite errors="0" failures="0" hostname="DESKTOP-6VP6UFP" name="pytest" skipped="0" tests="8" time="5.321" timestamp="2022-05-02T01:50:24.696946"><testcase classname="test_app" name="test_allowed_file" time="0.002" /><testcase classname="test_app" name="test_json_input" time="0.004" /><testcase classname="test_app" name="test_json_col_names_acc" time="0.004" /><testcase classname="test_app" name="test_json_col_names_noacc" time="0.004" /><testcase classname="test_app" name="test_desagregacion_regiones" time="0.002" /><testcase classname="test_app" name="test_desagregacion_canales" time="0.001" /><testcase classname="test_app" name="test_desagregacion_categorias" time="0.002" /><testcase classname="test_app" name="test_desagregacion_marcas" time="0.001" /></testsuite></testsuites>